<?xml version="1.0" encoding="UTF-8"?>
<testng-results ignored="0" total="2" passed="2" failed="0" skipped="0">
  <reporter-output>
  </reporter-output>
  <suite started-at="2024-09-05T15:15:08 IST" name="Master Suite " finished-at="2024-09-05T15:15:39 IST" duration-ms="30988">
    <groups>
      <group name="Master">
        <method signature="TC001_AccountRegistrationTest.verify_Account_RegPage()[pri:0, instance:testCases.TC001_AccountRegistrationTest@37c7595]" name="verify_Account_RegPage" class="testCases.TC001_AccountRegistrationTest"/>
        <method signature="TC002_LoginTest.verify_Login()[pri:0, instance:testCases.TC002_LoginTest@614df0a4]" name="verify_Login" class="testCases.TC002_LoginTest"/>
      </group> <!-- Master -->
      <group name="Regression">
        <method signature="TC001_AccountRegistrationTest.verify_Account_RegPage()[pri:0, instance:testCases.TC001_AccountRegistrationTest@37c7595]" name="verify_Account_RegPage" class="testCases.TC001_AccountRegistrationTest"/>
      </group> <!-- Regression -->
      <group name="sanity">
        <method signature="TC002_LoginTest.verify_Login()[pri:0, instance:testCases.TC002_LoginTest@614df0a4]" name="verify_Login" class="testCases.TC002_LoginTest"/>
      </group> <!-- sanity -->
    </groups>
    <test started-at="2024-09-05T15:15:08 IST" name="TestNgCovertiontoxml" finished-at="2024-09-05T15:15:39 IST" duration-ms="30988">
      <class name="testCases.TC002_LoginTest">
        <test-method is-config="true" signature="setup(java.lang.String,java.lang.String)[pri:0, instance:testCases.TC002_LoginTest@614df0a4]" started-at="2024-09-05T15:15:24 IST" name="setup" finished-at="2024-09-05T15:15:38 IST" duration-ms="13713" status="PASS">
          <params>
            <param index="0">
              <value>
                <![CDATA[Windows]]>
              </value>
            </param>
            <param index="1">
              <value>
                <![CDATA[Chrome]]>
              </value>
            </param>
          </params>
          <reporter-output>
          </reporter-output>
        </test-method> <!-- setup -->
        <test-method signature="verify_Login()[pri:0, instance:testCases.TC002_LoginTest@614df0a4]" started-at="2024-09-05T15:15:38 IST" name="verify_Login" finished-at="2024-09-05T15:15:39 IST" duration-ms="1381" status="PASS">
          <reporter-output>
          </reporter-output>
        </test-method> <!-- verify_Login -->
        <test-method is-config="true" signature="tearDown()[pri:0, instance:testCases.TC002_LoginTest@614df0a4]" started-at="2024-09-05T15:15:39 IST" name="tearDown" finished-at="2024-09-05T15:15:39 IST" duration-ms="285" status="PASS">
          <reporter-output>
          </reporter-output>
        </test-method> <!-- tearDown -->
      </class> <!-- testCases.TC002_LoginTest -->
      <class name="testCases.TC001_AccountRegistrationTest">
        <test-method is-config="true" signature="setup(java.lang.String,java.lang.String)[pri:0, instance:testCases.TC001_AccountRegistrationTest@37c7595]" started-at="2024-09-05T15:15:09 IST" name="setup" finished-at="2024-09-05T15:15:21 IST" duration-ms="12855" status="PASS">
          <params>
            <param index="0">
              <value>
                <![CDATA[Windows]]>
              </value>
            </param>
            <param index="1">
              <value>
                <![CDATA[Chrome]]>
              </value>
            </param>
          </params>
          <reporter-output>
          </reporter-output>
        </test-method> <!-- setup -->
        <test-method signature="verify_Account_RegPage()[pri:0, instance:testCases.TC001_AccountRegistrationTest@37c7595]" started-at="2024-09-05T15:15:21 IST" name="verify_Account_RegPage" finished-at="2024-09-05T15:15:24 IST" duration-ms="2097" status="PASS">
          <reporter-output>
          </reporter-output>
        </test-method> <!-- verify_Account_RegPage -->
        <test-method is-config="true" signature="tearDown()[pri:0, instance:testCases.TC001_AccountRegistrationTest@37c7595]" started-at="2024-09-05T15:15:24 IST" name="tearDown" finished-at="2024-09-05T15:15:24 IST" duration-ms="325" status="PASS">
          <reporter-output>
          </reporter-output>
        </test-method> <!-- tearDown -->
      </class> <!-- testCases.TC001_AccountRegistrationTest -->
    </test> <!-- TestNgCovertiontoxml -->
  </suite> <!-- Master Suite  -->
</testng-results>
