<?xml version="1.0" encoding="UTF-8"?>
<testng-results ignored="0" total="1" passed="1" failed="0" skipped="0">
  <reporter-output>
  </reporter-output>
  <suite started-at="2024-09-05T09:57:42 IST" name="Master Suite " finished-at="2024-09-05T09:58:01 IST" duration-ms="19183">
    <groups>
      <group name="Master">
        <method signature="TC001_AccountRegistrationTest.verify_Account_RegPage()[pri:0, instance:testCases.TC001_AccountRegistrationTest@114a85c2]" name="verify_Account_RegPage" class="testCases.TC001_AccountRegistrationTest"/>
      </group> <!-- Master -->
      <group name="Regression">
        <method signature="TC001_AccountRegistrationTest.verify_Account_RegPage()[pri:0, instance:testCases.TC001_AccountRegistrationTest@114a85c2]" name="verify_Account_RegPage" class="testCases.TC001_AccountRegistrationTest"/>
      </group> <!-- Regression -->
    </groups>
    <test started-at="2024-09-05T09:57:42 IST" name="TestNgCovertiontoxml" finished-at="2024-09-05T09:58:01 IST" duration-ms="19183">
      <class name="testCases.TC001_AccountRegistrationTest">
        <test-method is-config="true" signature="setup(java.lang.String,java.lang.String)[pri:0, instance:testCases.TC001_AccountRegistrationTest@114a85c2]" started-at="2024-09-05T09:57:43 IST" name="setup" finished-at="2024-09-05T09:57:56 IST" duration-ms="13816" status="PASS">
          <params>
            <param index="0">
              <value>
                <![CDATA[Windows]]>
              </value>
            </param>
            <param index="1">
              <value>
                <![CDATA[Chrome]]>
              </value>
            </param>
          </params>
          <reporter-output>
          </reporter-output>
        </test-method> <!-- setup -->
        <test-method signature="verify_Account_RegPage()[pri:0, instance:testCases.TC001_AccountRegistrationTest@114a85c2]" started-at="2024-09-05T09:57:56 IST" name="verify_Account_RegPage" finished-at="2024-09-05T09:58:00 IST" duration-ms="3904" status="PASS">
          <reporter-output>
          </reporter-output>
        </test-method> <!-- verify_Account_RegPage -->
        <test-method is-config="true" signature="tearDown()[pri:0, instance:testCases.TC001_AccountRegistrationTest@114a85c2]" started-at="2024-09-05T09:58:00 IST" name="tearDown" finished-at="2024-09-05T09:58:01 IST" duration-ms="714" status="PASS">
          <reporter-output>
          </reporter-output>
        </test-method> <!-- tearDown -->
      </class> <!-- testCases.TC001_AccountRegistrationTest -->
    </test> <!-- TestNgCovertiontoxml -->
  </suite> <!-- Master Suite  -->
</testng-results>
